<?xml version="1.0" encoding="UTF-8"?>
<!-- Generated by org.testng.reporters.JUnitReportReporter -->
<testsuite skipped="0" hostname="Fatemas-MacBook-Pro.local" name="frameDemo.Frame" tests="1" failures="0" timestamp="06 Dec 2017 21:31:38 GMT" time="14.424" errors="0">
  <testcase name="testFrames" time="14.424" classname="frameDemo.Frame"/>
</testsuite> <!-- frameDemo.Frame -->
