<?xml version="1.0" encoding="UTF-8"?>
<!-- Generated by org.testng.reporters.JUnitReportReporter -->
<testsuite skipped="0" hostname="Fatemas-MacBook-Pro.local" name="test.HashMa" tests="5" failures="0" timestamp="09 Dec 2017 05:26:17 GMT" time="0.125" errors="0">
  <testcase name="funWithJavaStrings" time="0.007" classname="test.HashMa"/>
  <testcase name="funWithArrayLists" time="0.114" classname="test.HashMa"/>
  <testcase name="funWithHashSets" time="0.002" classname="test.HashMa"/>
  <testcase name="setup" time="0.001" classname="test.HashMa"/>
  <testcase name="funWithHashMaps" time="0.001" classname="test.HashMa"/>
</testsuite> <!-- test.HashMa -->
