<?xml version="1.0" encoding="UTF-8"?>
<!-- Generated by org.testng.reporters.JUnitReportReporter -->
<testsuite skipped="0" hostname="Fatemas-MacBook-Pro.local" name="frameDemo.Frame" tests="1" failures="0" timestamp="08 Dec 2017 18:16:47 GMT" time="94.314" errors="0">
  <testcase name="setUp" time="94.314" classname="frameDemo.Frame"/>
</testsuite> <!-- frameDemo.Frame -->
